<?xml version="1.0" encoding="UTF-8"?>
<testsuite xmlns:xsi="http://www.w3.org/2001/XMLSchema-instance" xsi:noNamespaceSchemaLocation="https://maven.apache.org/surefire/maven-surefire-plugin/xsd/surefire-test-report.xsd" name="co.tr.redoxkali.server.send.events.ApplicationTests" time="1.514" tests="1" errors="0" skipped="0" failures="0">
  <properties>
    <property name="java.specification.version" value="17"/>
    <property name="sun.jnu.encoding" value="UTF-8"/>
    <property name="java.class.path" value="/Users/macbookowner/Documents/GitHub/server.sent.events/target/test-classes:/Users/macbookowner/Documents/GitHub/server.sent.events/target/classes:/Users/macbookowner/.m2/repository/org/springframework/boot/spring-boot-starter/2.7.10/spring-boot-starter-2.7.10.jar:/Users/macbookowner/.m2/repository/org/springframework/boot/spring-boot/2.7.10/spring-boot-2.7.10.jar:/Users/macbookowner/.m2/repository/org/springframework/spring-context/5.3.26/spring-context-5.3.26.jar:/Users/macbookowner/.m2/repository/org/springframework/spring-aop/5.3.26/spring-aop-5.3.26.jar:/Users/macbookowner/.m2/repository/org/springframework/spring-expression/5.3.26/spring-expression-5.3.26.jar:/Users/macbookowner/.m2/repository/org/springframework/boot/spring-boot-autoconfigure/2.7.10/spring-boot-autoconfigure-2.7.10.jar:/Users/macbookowner/.m2/repository/org/springframework/boot/spring-boot-starter-logging/2.7.10/spring-boot-starter-logging-2.7.10.jar:/Users/macbookowner/.m2/repository/ch/qos/logback/logback-classic/1.2.11/logback-classic-1.2.11.jar:/Users/macbookowner/.m2/repository/ch/qos/logback/logback-core/1.2.11/logback-core-1.2.11.jar:/Users/macbookowner/.m2/repository/org/apache/logging/log4j/log4j-to-slf4j/2.17.2/log4j-to-slf4j-2.17.2.jar:/Users/macbookowner/.m2/repository/org/apache/logging/log4j/log4j-api/2.17.2/log4j-api-2.17.2.jar:/Users/macbookowner/.m2/repository/org/slf4j/jul-to-slf4j/1.7.36/jul-to-slf4j-1.7.36.jar:/Users/macbookowner/.m2/repository/jakarta/annotation/jakarta.annotation-api/1.3.5/jakarta.annotation-api-1.3.5.jar:/Users/macbookowner/.m2/repository/org/springframework/spring-core/5.3.26/spring-core-5.3.26.jar:/Users/macbookowner/.m2/repository/org/springframework/spring-jcl/5.3.26/spring-jcl-5.3.26.jar:/Users/macbookowner/.m2/repository/org/yaml/snakeyaml/1.30/snakeyaml-1.30.jar:/Users/macbookowner/.m2/repository/org/springframework/boot/spring-boot-starter-webflux/2.7.10/spring-boot-starter-webflux-2.7.10.jar:/Users/macbookowner/.m2/repository/org/springframework/boot/spring-boot-starter-json/2.7.10/spring-boot-starter-json-2.7.10.jar:/Users/macbookowner/.m2/repository/com/fasterxml/jackson/core/jackson-databind/2.13.5/jackson-databind-2.13.5.jar:/Users/macbookowner/.m2/repository/com/fasterxml/jackson/core/jackson-annotations/2.13.5/jackson-annotations-2.13.5.jar:/Users/macbookowner/.m2/repository/com/fasterxml/jackson/core/jackson-core/2.13.5/jackson-core-2.13.5.jar:/Users/macbookowner/.m2/repository/com/fasterxml/jackson/datatype/jackson-datatype-jdk8/2.13.5/jackson-datatype-jdk8-2.13.5.jar:/Users/macbookowner/.m2/repository/com/fasterxml/jackson/datatype/jackson-datatype-jsr310/2.13.5/jackson-datatype-jsr310-2.13.5.jar:/Users/macbookowner/.m2/repository/com/fasterxml/jackson/module/jackson-module-parameter-names/2.13.5/jackson-module-parameter-names-2.13.5.jar:/Users/macbookowner/.m2/repository/org/springframework/boot/spring-boot-starter-reactor-netty/2.7.10/spring-boot-starter-reactor-netty-2.7.10.jar:/Users/macbookowner/.m2/repository/io/projectreactor/netty/reactor-netty-http/1.0.30/reactor-netty-http-1.0.30.jar:/Users/macbookowner/.m2/repository/io/netty/netty-codec-http/4.1.90.Final/netty-codec-http-4.1.90.Final.jar:/Users/macbookowner/.m2/repository/io/netty/netty-common/4.1.90.Final/netty-common-4.1.90.Final.jar:/Users/macbookowner/.m2/repository/io/netty/netty-buffer/4.1.90.Final/netty-buffer-4.1.90.Final.jar:/Users/macbookowner/.m2/repository/io/netty/netty-transport/4.1.90.Final/netty-transport-4.1.90.Final.jar:/Users/macbookowner/.m2/repository/io/netty/netty-codec/4.1.90.Final/netty-codec-4.1.90.Final.jar:/Users/macbookowner/.m2/repository/io/netty/netty-handler/4.1.90.Final/netty-handler-4.1.90.Final.jar:/Users/macbookowner/.m2/repository/io/netty/netty-codec-http2/4.1.90.Final/netty-codec-http2-4.1.90.Final.jar:/Users/macbookowner/.m2/repository/io/netty/netty-resolver-dns/4.1.90.Final/netty-resolver-dns-4.1.90.Final.jar:/Users/macbookowner/.m2/repository/io/netty/netty-resolver/4.1.90.Final/netty-resolver-4.1.90.Final.jar:/Users/macbookowner/.m2/repository/io/netty/netty-codec-dns/4.1.90.Final/netty-codec-dns-4.1.90.Final.jar:/Users/macbookowner/.m2/repository/io/netty/netty-resolver-dns-native-macos/4.1.90.Final/netty-resolver-dns-native-macos-4.1.90.Final-osx-x86_64.jar:/Users/macbookowner/.m2/repository/io/netty/netty-resolver-dns-classes-macos/4.1.90.Final/netty-resolver-dns-classes-macos-4.1.90.Final.jar:/Users/macbookowner/.m2/repository/io/netty/netty-transport-native-epoll/4.1.90.Final/netty-transport-native-epoll-4.1.90.Final-linux-x86_64.jar:/Users/macbookowner/.m2/repository/io/netty/netty-transport-native-unix-common/4.1.90.Final/netty-transport-native-unix-common-4.1.90.Final.jar:/Users/macbookowner/.m2/repository/io/netty/netty-transport-classes-epoll/4.1.90.Final/netty-transport-classes-epoll-4.1.90.Final.jar:/Users/macbookowner/.m2/repository/io/projectreactor/netty/reactor-netty-core/1.0.30/reactor-netty-core-1.0.30.jar:/Users/macbookowner/.m2/repository/io/netty/netty-handler-proxy/4.1.90.Final/netty-handler-proxy-4.1.90.Final.jar:/Users/macbookowner/.m2/repository/io/netty/netty-codec-socks/4.1.90.Final/netty-codec-socks-4.1.90.Final.jar:/Users/macbookowner/.m2/repository/org/springframework/spring-web/5.3.26/spring-web-5.3.26.jar:/Users/macbookowner/.m2/repository/org/springframework/spring-beans/5.3.26/spring-beans-5.3.26.jar:/Users/macbookowner/.m2/repository/org/springframework/spring-webflux/5.3.26/spring-webflux-5.3.26.jar:/Users/macbookowner/.m2/repository/io/projectreactor/reactor-core/3.4.28/reactor-core-3.4.28.jar:/Users/macbookowner/.m2/repository/org/reactivestreams/reactive-streams/1.0.4/reactive-streams-1.0.4.jar:/Users/macbookowner/.m2/repository/org/springframework/boot/spring-boot-starter-thymeleaf/3.0.4/spring-boot-starter-thymeleaf-3.0.4.jar:/Users/macbookowner/.m2/repository/org/thymeleaf/thymeleaf-spring6/3.1.1.RELEASE/thymeleaf-spring6-3.1.1.RELEASE.jar:/Users/macbookowner/.m2/repository/org/thymeleaf/thymeleaf/3.0.15.RELEASE/thymeleaf-3.0.15.RELEASE.jar:/Users/macbookowner/.m2/repository/org/attoparser/attoparser/2.0.5.RELEASE/attoparser-2.0.5.RELEASE.jar:/Users/macbookowner/.m2/repository/org/unbescape/unbescape/1.1.6.RELEASE/unbescape-1.1.6.RELEASE.jar:/Users/macbookowner/.m2/repository/org/slf4j/slf4j-api/1.7.36/slf4j-api-1.7.36.jar:/Users/macbookowner/.m2/repository/org/junit/vintage/junit-vintage-engine/5.8.2/junit-vintage-engine-5.8.2.jar:/Users/macbookowner/.m2/repository/org/junit/platform/junit-platform-engine/1.8.2/junit-platform-engine-1.8.2.jar:/Users/macbookowner/.m2/repository/org/opentest4j/opentest4j/1.2.0/opentest4j-1.2.0.jar:/Users/macbookowner/.m2/repository/org/junit/platform/junit-platform-commons/1.8.2/junit-platform-commons-1.8.2.jar:/Users/macbookowner/.m2/repository/junit/junit/4.13.2/junit-4.13.2.jar:/Users/macbookowner/.m2/repository/org/hamcrest/hamcrest-core/2.2/hamcrest-core-2.2.jar:/Users/macbookowner/.m2/repository/org/apiguardian/apiguardian-api/1.1.2/apiguardian-api-1.1.2.jar:/Users/macbookowner/.m2/repository/org/springframework/boot/spring-boot-starter-test/2.7.10/spring-boot-starter-test-2.7.10.jar:/Users/macbookowner/.m2/repository/org/springframework/boot/spring-boot-test/2.7.10/spring-boot-test-2.7.10.jar:/Users/macbookowner/.m2/repository/org/springframework/boot/spring-boot-test-autoconfigure/2.7.10/spring-boot-test-autoconfigure-2.7.10.jar:/Users/macbookowner/.m2/repository/com/jayway/jsonpath/json-path/2.7.0/json-path-2.7.0.jar:/Users/macbookowner/.m2/repository/net/minidev/json-smart/2.4.10/json-smart-2.4.10.jar:/Users/macbookowner/.m2/repository/net/minidev/accessors-smart/2.4.9/accessors-smart-2.4.9.jar:/Users/macbookowner/.m2/repository/org/ow2/asm/asm/9.3/asm-9.3.jar:/Users/macbookowner/.m2/repository/jakarta/xml/bind/jakarta.xml.bind-api/2.3.3/jakarta.xml.bind-api-2.3.3.jar:/Users/macbookowner/.m2/repository/jakarta/activation/jakarta.activation-api/1.2.2/jakarta.activation-api-1.2.2.jar:/Users/macbookowner/.m2/repository/org/assertj/assertj-core/3.22.0/assertj-core-3.22.0.jar:/Users/macbookowner/.m2/repository/org/hamcrest/hamcrest/2.2/hamcrest-2.2.jar:/Users/macbookowner/.m2/repository/org/junit/jupiter/junit-jupiter/5.8.2/junit-jupiter-5.8.2.jar:/Users/macbookowner/.m2/repository/org/junit/jupiter/junit-jupiter-api/5.8.2/junit-jupiter-api-5.8.2.jar:/Users/macbookowner/.m2/repository/org/junit/jupiter/junit-jupiter-params/5.8.2/junit-jupiter-params-5.8.2.jar:/Users/macbookowner/.m2/repository/org/junit/jupiter/junit-jupiter-engine/5.8.2/junit-jupiter-engine-5.8.2.jar:/Users/macbookowner/.m2/repository/org/mockito/mockito-core/4.5.1/mockito-core-4.5.1.jar:/Users/macbookowner/.m2/repository/net/bytebuddy/byte-buddy/1.12.23/byte-buddy-1.12.23.jar:/Users/macbookowner/.m2/repository/net/bytebuddy/byte-buddy-agent/1.12.23/byte-buddy-agent-1.12.23.jar:/Users/macbookowner/.m2/repository/org/objenesis/objenesis/3.2/objenesis-3.2.jar:/Users/macbookowner/.m2/repository/org/mockito/mockito-junit-jupiter/4.5.1/mockito-junit-jupiter-4.5.1.jar:/Users/macbookowner/.m2/repository/org/skyscreamer/jsonassert/1.5.1/jsonassert-1.5.1.jar:/Users/macbookowner/.m2/repository/com/vaadin/external/google/android-json/0.0.20131108.vaadin1/android-json-0.0.20131108.vaadin1.jar:/Users/macbookowner/.m2/repository/org/springframework/spring-test/5.3.26/spring-test-5.3.26.jar:/Users/macbookowner/.m2/repository/org/xmlunit/xmlunit-core/2.9.1/xmlunit-core-2.9.1.jar:"/>
    <property name="java.vm.vendor" value="Oracle Corporation"/>
    <property name="sun.arch.data.model" value="64"/>
    <property name="java.vendor.url" value="https://java.oracle.com/"/>
    <property name="os.name" value="Mac OS X"/>
    <property name="java.vm.specification.version" value="17"/>
    <property name="sun.java.launcher" value="SUN_STANDARD"/>
    <property name="user.country" value="TR"/>
    <property name="sun.boot.library.path" value="/Library/Java/JavaVirtualMachines/jdk-17.0.5.jdk/Contents/Home/lib"/>
    <property name="sun.java.command" value="/Users/macbookowner/Documents/GitHub/server.sent.events/target/surefire/surefirebooter2140913826334582189.jar /Users/macbookowner/Documents/GitHub/server.sent.events/target/surefire 2023-03-23T22-28-41_736-jvmRun1 surefire8179255170857607730tmp surefire_014076942546553042787tmp"/>
    <property name="http.nonProxyHosts" value="local|*.local|169.254/16|*.169.254/16"/>
    <property name="jdk.debug" value="release"/>
    <property name="surefire.test.class.path" value="/Users/macbookowner/Documents/GitHub/server.sent.events/target/test-classes:/Users/macbookowner/Documents/GitHub/server.sent.events/target/classes:/Users/macbookowner/.m2/repository/org/springframework/boot/spring-boot-starter/2.7.10/spring-boot-starter-2.7.10.jar:/Users/macbookowner/.m2/repository/org/springframework/boot/spring-boot/2.7.10/spring-boot-2.7.10.jar:/Users/macbookowner/.m2/repository/org/springframework/spring-context/5.3.26/spring-context-5.3.26.jar:/Users/macbookowner/.m2/repository/org/springframework/spring-aop/5.3.26/spring-aop-5.3.26.jar:/Users/macbookowner/.m2/repository/org/springframework/spring-expression/5.3.26/spring-expression-5.3.26.jar:/Users/macbookowner/.m2/repository/org/springframework/boot/spring-boot-autoconfigure/2.7.10/spring-boot-autoconfigure-2.7.10.jar:/Users/macbookowner/.m2/repository/org/springframework/boot/spring-boot-starter-logging/2.7.10/spring-boot-starter-logging-2.7.10.jar:/Users/macbookowner/.m2/repository/ch/qos/logback/logback-classic/1.2.11/logback-classic-1.2.11.jar:/Users/macbookowner/.m2/repository/ch/qos/logback/logback-core/1.2.11/logback-core-1.2.11.jar:/Users/macbookowner/.m2/repository/org/apache/logging/log4j/log4j-to-slf4j/2.17.2/log4j-to-slf4j-2.17.2.jar:/Users/macbookowner/.m2/repository/org/apache/logging/log4j/log4j-api/2.17.2/log4j-api-2.17.2.jar:/Users/macbookowner/.m2/repository/org/slf4j/jul-to-slf4j/1.7.36/jul-to-slf4j-1.7.36.jar:/Users/macbookowner/.m2/repository/jakarta/annotation/jakarta.annotation-api/1.3.5/jakarta.annotation-api-1.3.5.jar:/Users/macbookowner/.m2/repository/org/springframework/spring-core/5.3.26/spring-core-5.3.26.jar:/Users/macbookowner/.m2/repository/org/springframework/spring-jcl/5.3.26/spring-jcl-5.3.26.jar:/Users/macbookowner/.m2/repository/org/yaml/snakeyaml/1.30/snakeyaml-1.30.jar:/Users/macbookowner/.m2/repository/org/springframework/boot/spring-boot-starter-webflux/2.7.10/spring-boot-starter-webflux-2.7.10.jar:/Users/macbookowner/.m2/repository/org/springframework/boot/spring-boot-starter-json/2.7.10/spring-boot-starter-json-2.7.10.jar:/Users/macbookowner/.m2/repository/com/fasterxml/jackson/core/jackson-databind/2.13.5/jackson-databind-2.13.5.jar:/Users/macbookowner/.m2/repository/com/fasterxml/jackson/core/jackson-annotations/2.13.5/jackson-annotations-2.13.5.jar:/Users/macbookowner/.m2/repository/com/fasterxml/jackson/core/jackson-core/2.13.5/jackson-core-2.13.5.jar:/Users/macbookowner/.m2/repository/com/fasterxml/jackson/datatype/jackson-datatype-jdk8/2.13.5/jackson-datatype-jdk8-2.13.5.jar:/Users/macbookowner/.m2/repository/com/fasterxml/jackson/datatype/jackson-datatype-jsr310/2.13.5/jackson-datatype-jsr310-2.13.5.jar:/Users/macbookowner/.m2/repository/com/fasterxml/jackson/module/jackson-module-parameter-names/2.13.5/jackson-module-parameter-names-2.13.5.jar:/Users/macbookowner/.m2/repository/org/springframework/boot/spring-boot-starter-reactor-netty/2.7.10/spring-boot-starter-reactor-netty-2.7.10.jar:/Users/macbookowner/.m2/repository/io/projectreactor/netty/reactor-netty-http/1.0.30/reactor-netty-http-1.0.30.jar:/Users/macbookowner/.m2/repository/io/netty/netty-codec-http/4.1.90.Final/netty-codec-http-4.1.90.Final.jar:/Users/macbookowner/.m2/repository/io/netty/netty-common/4.1.90.Final/netty-common-4.1.90.Final.jar:/Users/macbookowner/.m2/repository/io/netty/netty-buffer/4.1.90.Final/netty-buffer-4.1.90.Final.jar:/Users/macbookowner/.m2/repository/io/netty/netty-transport/4.1.90.Final/netty-transport-4.1.90.Final.jar:/Users/macbookowner/.m2/repository/io/netty/netty-codec/4.1.90.Final/netty-codec-4.1.90.Final.jar:/Users/macbookowner/.m2/repository/io/netty/netty-handler/4.1.90.Final/netty-handler-4.1.90.Final.jar:/Users/macbookowner/.m2/repository/io/netty/netty-codec-http2/4.1.90.Final/netty-codec-http2-4.1.90.Final.jar:/Users/macbookowner/.m2/repository/io/netty/netty-resolver-dns/4.1.90.Final/netty-resolver-dns-4.1.90.Final.jar:/Users/macbookowner/.m2/repository/io/netty/netty-resolver/4.1.90.Final/netty-resolver-4.1.90.Final.jar:/Users/macbookowner/.m2/repository/io/netty/netty-codec-dns/4.1.90.Final/netty-codec-dns-4.1.90.Final.jar:/Users/macbookowner/.m2/repository/io/netty/netty-resolver-dns-native-macos/4.1.90.Final/netty-resolver-dns-native-macos-4.1.90.Final-osx-x86_64.jar:/Users/macbookowner/.m2/repository/io/netty/netty-resolver-dns-classes-macos/4.1.90.Final/netty-resolver-dns-classes-macos-4.1.90.Final.jar:/Users/macbookowner/.m2/repository/io/netty/netty-transport-native-epoll/4.1.90.Final/netty-transport-native-epoll-4.1.90.Final-linux-x86_64.jar:/Users/macbookowner/.m2/repository/io/netty/netty-transport-native-unix-common/4.1.90.Final/netty-transport-native-unix-common-4.1.90.Final.jar:/Users/macbookowner/.m2/repository/io/netty/netty-transport-classes-epoll/4.1.90.Final/netty-transport-classes-epoll-4.1.90.Final.jar:/Users/macbookowner/.m2/repository/io/projectreactor/netty/reactor-netty-core/1.0.30/reactor-netty-core-1.0.30.jar:/Users/macbookowner/.m2/repository/io/netty/netty-handler-proxy/4.1.90.Final/netty-handler-proxy-4.1.90.Final.jar:/Users/macbookowner/.m2/repository/io/netty/netty-codec-socks/4.1.90.Final/netty-codec-socks-4.1.90.Final.jar:/Users/macbookowner/.m2/repository/org/springframework/spring-web/5.3.26/spring-web-5.3.26.jar:/Users/macbookowner/.m2/repository/org/springframework/spring-beans/5.3.26/spring-beans-5.3.26.jar:/Users/macbookowner/.m2/repository/org/springframework/spring-webflux/5.3.26/spring-webflux-5.3.26.jar:/Users/macbookowner/.m2/repository/io/projectreactor/reactor-core/3.4.28/reactor-core-3.4.28.jar:/Users/macbookowner/.m2/repository/org/reactivestreams/reactive-streams/1.0.4/reactive-streams-1.0.4.jar:/Users/macbookowner/.m2/repository/org/springframework/boot/spring-boot-starter-thymeleaf/3.0.4/spring-boot-starter-thymeleaf-3.0.4.jar:/Users/macbookowner/.m2/repository/org/thymeleaf/thymeleaf-spring6/3.1.1.RELEASE/thymeleaf-spring6-3.1.1.RELEASE.jar:/Users/macbookowner/.m2/repository/org/thymeleaf/thymeleaf/3.0.15.RELEASE/thymeleaf-3.0.15.RELEASE.jar:/Users/macbookowner/.m2/repository/org/attoparser/attoparser/2.0.5.RELEASE/attoparser-2.0.5.RELEASE.jar:/Users/macbookowner/.m2/repository/org/unbescape/unbescape/1.1.6.RELEASE/unbescape-1.1.6.RELEASE.jar:/Users/macbookowner/.m2/repository/org/slf4j/slf4j-api/1.7.36/slf4j-api-1.7.36.jar:/Users/macbookowner/.m2/repository/org/junit/vintage/junit-vintage-engine/5.8.2/junit-vintage-engine-5.8.2.jar:/Users/macbookowner/.m2/repository/org/junit/platform/junit-platform-engine/1.8.2/junit-platform-engine-1.8.2.jar:/Users/macbookowner/.m2/repository/org/opentest4j/opentest4j/1.2.0/opentest4j-1.2.0.jar:/Users/macbookowner/.m2/repository/org/junit/platform/junit-platform-commons/1.8.2/junit-platform-commons-1.8.2.jar:/Users/macbookowner/.m2/repository/junit/junit/4.13.2/junit-4.13.2.jar:/Users/macbookowner/.m2/repository/org/hamcrest/hamcrest-core/2.2/hamcrest-core-2.2.jar:/Users/macbookowner/.m2/repository/org/apiguardian/apiguardian-api/1.1.2/apiguardian-api-1.1.2.jar:/Users/macbookowner/.m2/repository/org/springframework/boot/spring-boot-starter-test/2.7.10/spring-boot-starter-test-2.7.10.jar:/Users/macbookowner/.m2/repository/org/springframework/boot/spring-boot-test/2.7.10/spring-boot-test-2.7.10.jar:/Users/macbookowner/.m2/repository/org/springframework/boot/spring-boot-test-autoconfigure/2.7.10/spring-boot-test-autoconfigure-2.7.10.jar:/Users/macbookowner/.m2/repository/com/jayway/jsonpath/json-path/2.7.0/json-path-2.7.0.jar:/Users/macbookowner/.m2/repository/net/minidev/json-smart/2.4.10/json-smart-2.4.10.jar:/Users/macbookowner/.m2/repository/net/minidev/accessors-smart/2.4.9/accessors-smart-2.4.9.jar:/Users/macbookowner/.m2/repository/org/ow2/asm/asm/9.3/asm-9.3.jar:/Users/macbookowner/.m2/repository/jakarta/xml/bind/jakarta.xml.bind-api/2.3.3/jakarta.xml.bind-api-2.3.3.jar:/Users/macbookowner/.m2/repository/jakarta/activation/jakarta.activation-api/1.2.2/jakarta.activation-api-1.2.2.jar:/Users/macbookowner/.m2/repository/org/assertj/assertj-core/3.22.0/assertj-core-3.22.0.jar:/Users/macbookowner/.m2/repository/org/hamcrest/hamcrest/2.2/hamcrest-2.2.jar:/Users/macbookowner/.m2/repository/org/junit/jupiter/junit-jupiter/5.8.2/junit-jupiter-5.8.2.jar:/Users/macbookowner/.m2/repository/org/junit/jupiter/junit-jupiter-api/5.8.2/junit-jupiter-api-5.8.2.jar:/Users/macbookowner/.m2/repository/org/junit/jupiter/junit-jupiter-params/5.8.2/junit-jupiter-params-5.8.2.jar:/Users/macbookowner/.m2/repository/org/junit/jupiter/junit-jupiter-engine/5.8.2/junit-jupiter-engine-5.8.2.jar:/Users/macbookowner/.m2/repository/org/mockito/mockito-core/4.5.1/mockito-core-4.5.1.jar:/Users/macbookowner/.m2/repository/net/bytebuddy/byte-buddy/1.12.23/byte-buddy-1.12.23.jar:/Users/macbookowner/.m2/repository/net/bytebuddy/byte-buddy-agent/1.12.23/byte-buddy-agent-1.12.23.jar:/Users/macbookowner/.m2/repository/org/objenesis/objenesis/3.2/objenesis-3.2.jar:/Users/macbookowner/.m2/repository/org/mockito/mockito-junit-jupiter/4.5.1/mockito-junit-jupiter-4.5.1.jar:/Users/macbookowner/.m2/repository/org/skyscreamer/jsonassert/1.5.1/jsonassert-1.5.1.jar:/Users/macbookowner/.m2/repository/com/vaadin/external/google/android-json/0.0.20131108.vaadin1/android-json-0.0.20131108.vaadin1.jar:/Users/macbookowner/.m2/repository/org/springframework/spring-test/5.3.26/spring-test-5.3.26.jar:/Users/macbookowner/.m2/repository/org/xmlunit/xmlunit-core/2.9.1/xmlunit-core-2.9.1.jar:"/>
    <property name="sun.cpu.endian" value="little"/>
    <property name="user.home" value="/Users/macbookowner"/>
    <property name="user.language" value="tr"/>
    <property name="java.specification.vendor" value="Oracle Corporation"/>
    <property name="java.version.date" value="2022-10-18"/>
    <property name="java.home" value="/Library/Java/JavaVirtualMachines/jdk-17.0.5.jdk/Contents/Home"/>
    <property name="file.separator" value="/"/>
    <property name="basedir" value="/Users/macbookowner/Documents/GitHub/server.sent.events"/>
    <property name="java.vm.compressedOopsMode" value="Zero based"/>
    <property name="line.separator" value="&#10;"/>
    <property name="java.specification.name" value="Java Platform API Specification"/>
    <property name="java.vm.specification.vendor" value="Oracle Corporation"/>
    <property name="surefire.real.class.path" value="/Users/macbookowner/Documents/GitHub/server.sent.events/target/surefire/surefirebooter2140913826334582189.jar"/>
    <property name="sun.management.compiler" value="HotSpot 64-Bit Tiered Compilers"/>
    <property name="ftp.nonProxyHosts" value="local|*.local|169.254/16|*.169.254/16"/>
    <property name="java.runtime.version" value="17.0.5+9-LTS-191"/>
    <property name="user.name" value="macbookowner"/>
    <property name="path.separator" value=":"/>
    <property name="os.version" value="13.2.1"/>
    <property name="java.runtime.name" value="Java(TM) SE Runtime Environment"/>
    <property name="file.encoding" value="UTF-8"/>
    <property name="java.vm.name" value="Java HotSpot(TM) 64-Bit Server VM"/>
    <property name="localRepository" value="/Users/macbookowner/.m2/repository"/>
    <property name="java.vendor.url.bug" value="https://bugreport.java.com/bugreport/"/>
    <property name="java.io.tmpdir" value="/var/folders/9j/c8xlf94d0_sgtc_km7c680340000gn/T/"/>
    <property name="idea.version" value="2022.2.5"/>
    <property name="java.version" value="17.0.5"/>
    <property name="user.dir" value="/Users/macbookowner/Documents/GitHub/server.sent.events"/>
    <property name="os.arch" value="aarch64"/>
    <property name="java.vm.specification.name" value="Java Virtual Machine Specification"/>
    <property name="native.encoding" value="UTF-8"/>
    <property name="java.library.path" value="/Users/macbookowner/Library/Java/Extensions:/Library/Java/Extensions:/Network/Library/Java/Extensions:/System/Library/Java/Extensions:/usr/lib/java:."/>
    <property name="java.vm.info" value="mixed mode, sharing"/>
    <property name="java.vendor" value="Oracle Corporation"/>
    <property name="java.vm.version" value="17.0.5+9-LTS-191"/>
    <property name="sun.io.unicode.encoding" value="UnicodeBig"/>
    <property name="socksNonProxyHosts" value="local|*.local|169.254/16|*.169.254/16"/>
    <property name="java.class.version" value="61.0"/>
  </properties>
  <testcase name="contextLoads" classname="co.tr.redoxkali.server.send.events.ApplicationTests" time="0.239"/>
</testsuite>